<?xml version="1.0" encoding="UTF-8"?>
<!-- Generated by org.testng.reporters.JUnitXMLReporter -->
<testsuite ignored="0" hostname="DESKTOP-MATN0N1" failures="1" tests="7" name="Test" time="28.836" errors="0" timestamp="2022-02-20T02:39:05 IST">
  <testcase classname="TestPackage.ActionsOnToDosPage" name="AddToDosListTest" time="0.433"/>
  <testcase classname="TestPackage.ActionsOnToDosPage" name="AddToDosListTest" time="0.314"/>
  <testcase classname="TestPackage.ActionsOnToDosPage" name="AddToDosListTest" time="0.242"/>
  <testcase classname="TestPackage.ActionsOnToDosPage" name="AddToDosListTest" time="0.221"/>
  <testcase classname="TestPackage.ActionsOnToDosPage" name="AddToDosListTest" time="0.257"/>
  <testcase classname="TestPackage.ActionsOnToDosPage" name="DeleteTodos" time="0.269"/>
  <testcase classname="TestPackage.ActionsOnToDosPage" name="EditToDosTest" time="16.185">
    <failure type="java.lang.AssertionError" message="expected [false] but found [true]">
      <![CDATA[java.lang.AssertionError: expected [false] but found [true]
at TestPackage.ActionsOnToDosPage.EditToDosTest(ActionsOnToDosPage.java:65)
at java.base/java.util.ArrayList.forEach(ArrayList.java:1541)
... Removed 37 stack frames]]>
    </failure>
  </testcase> <!-- EditToDosTest -->
</testsuite> <!-- Test -->
