<?xml version="1.0" encoding="UTF-8"?>
<!-- Generated by org.testng.reporters.JUnitReportReporter -->
<testsuite hostname="DESKTOP-MATN0N1" failures="1" tests="7" name="TestPackage.ActionsOnToDosPage" time="27.205" errors="0" timestamp="2022-02-20T02:39:05 IST" skipped="0">
  <testcase classname="TestPackage.ActionsOnToDosPage" name="AddToDosListTest" time="0.314"/>
  <system-out>
    <![CDATA[Add New Todo to existing list - ToDo Name :New ToDo Entry 2]]>
  </system-out>
  <testcase classname="TestPackage.ActionsOnToDosPage" name="AddToDosListTest" time="0.676"/>
  <system-out>
    <![CDATA[Add New Todo to existing list - ToDo Name :New ToDo Entry 1]]>
  </system-out>
  <testcase classname="TestPackage.ActionsOnToDosPage" name="AddToDosListTest" time="9.292"/>
  <system-out>
    <![CDATA[Add New Todo to existing list - ToDo Name :New ToDo Entry 5]]>
  </system-out>
  <testcase classname="TestPackage.ActionsOnToDosPage" name="AddToDosListTest" time="0.243"/>
  <system-out>
    <![CDATA[Add New Todo to existing list - ToDo Name :New ToDo Entry 3]]>
  </system-out>
  <testcase classname="TestPackage.ActionsOnToDosPage" name="DeleteTodos" time="0.272"/>
  <system-out>
    <![CDATA[Delete existing ToDo]]>
  </system-out>
  <testcase classname="TestPackage.ActionsOnToDosPage" name="AddToDosListTest" time="0.223"/>
  <system-out>
    <![CDATA[Add New Todo to existing list - ToDo Name :New ToDo Entry 4]]>
  </system-out>
  <testcase classname="TestPackage.ActionsOnToDosPage" name="EditToDosTest" time="16.185">
    <failure message="expected [false] but found [true]" type="java.lang.AssertionError">
      <![CDATA[java.lang.AssertionError: expected [false] but found [true]
at org.testng.Assert.fail(Assert.java:99)
at org.testng.Assert.failNotEquals(Assert.java:1037)
at org.testng.Assert.assertEqualsImpl(Assert.java:140)
at org.testng.Assert.assertEquals(Assert.java:122)
at org.testng.Assert.assertEquals(Assert.java:819)
at org.testng.Assert.assertEquals(Assert.java:829)
at TestPackage.ActionsOnToDosPage.EditToDosTest(ActionsOnToDosPage.java:65)
at java.base/jdk.internal.reflect.NativeMethodAccessorImpl.invoke0(Native Method)
at java.base/jdk.internal.reflect.NativeMethodAccessorImpl.invoke(NativeMethodAccessorImpl.java:62)
at java.base/jdk.internal.reflect.DelegatingMethodAccessorImpl.invoke(DelegatingMethodAccessorImpl.java:43)
at java.base/java.lang.reflect.Method.invoke(Method.java:566)
at org.testng.internal.MethodInvocationHelper.invokeMethod(MethodInvocationHelper.java:133)
at org.testng.internal.TestInvoker.invokeMethod(TestInvoker.java:598)
at org.testng.internal.TestInvoker.invokeTestMethod(TestInvoker.java:173)
at org.testng.internal.MethodRunner.runInSequence(MethodRunner.java:46)
at org.testng.internal.TestInvoker$MethodInvocationAgent.invoke(TestInvoker.java:824)
at org.testng.internal.TestInvoker.invokeTestMethods(TestInvoker.java:146)
at org.testng.internal.TestMethodWorker.invokeTestMethods(TestMethodWorker.java:146)
at org.testng.internal.TestMethodWorker.run(TestMethodWorker.java:128)
at java.base/java.util.ArrayList.forEach(ArrayList.java:1541)
at org.testng.TestRunner.privateRun(TestRunner.java:794)
at org.testng.TestRunner.run(TestRunner.java:596)
at org.testng.SuiteRunner.runTest(SuiteRunner.java:377)
at org.testng.SuiteRunner.runSequentially(SuiteRunner.java:371)
at org.testng.SuiteRunner.privateRun(SuiteRunner.java:332)
at org.testng.SuiteRunner.run(SuiteRunner.java:276)
at org.testng.SuiteRunnerWorker.runSuite(SuiteRunnerWorker.java:53)
at org.testng.SuiteRunnerWorker.run(SuiteRunnerWorker.java:96)
at org.testng.TestNG.runSuitesSequentially(TestNG.java:1212)
at org.testng.TestNG.runSuitesLocally(TestNG.java:1134)
at org.testng.TestNG.runSuites(TestNG.java:1063)
at org.testng.TestNG.run(TestNG.java:1031)
at org.apache.maven.surefire.testng.TestNGExecutor.run(TestNGExecutor.java:283)
at org.apache.maven.surefire.testng.TestNGXmlTestSuite.execute(TestNGXmlTestSuite.java:75)
at org.apache.maven.surefire.testng.TestNGProvider.invoke(TestNGProvider.java:120)
at org.apache.maven.surefire.booter.ForkedBooter.invokeProviderInSameClassLoader(ForkedBooter.java:384)
at org.apache.maven.surefire.booter.ForkedBooter.runSuitesInProcess(ForkedBooter.java:345)
at org.apache.maven.surefire.booter.ForkedBooter.execute(ForkedBooter.java:126)
at org.apache.maven.surefire.booter.ForkedBooter.main(ForkedBooter.java:418)
]]>
    </failure>
  </testcase> <!-- EditToDosTest -->
  <system-out>
    <![CDATA[Edit the Existing ToDo 
Edit got failed
[Ljava.lang.StackTraceElement;@4b0f2299]]>
  </system-out>
</testsuite> <!-- TestPackage.ActionsOnToDosPage -->
